[debug] [2025-04-16T11:03:07.224Z] ----------------------------------------------------------------------
[debug] [2025-04-16T11:03:07.225Z] Command:       /Users/tommytobin/.nvm/versions/node/v23.8.0/bin/node /Users/tommytobin/.nvm/versions/node/v23.8.0/bin/firebase login
[debug] [2025-04-16T11:03:07.226Z] CLI Version:   14.1.0
[debug] [2025-04-16T11:03:07.226Z] Platform:      darwin
[debug] [2025-04-16T11:03:07.226Z] Node Version:  v23.8.0
[debug] [2025-04-16T11:03:07.226Z] Time:          Wed Apr 16 2025 12:03:07 GMT+0100 (Irish Standard Time)
[debug] [2025-04-16T11:03:07.226Z] ----------------------------------------------------------------------
[debug] 
[debug] [2025-04-16T11:03:07.227Z] >>> [apiv2][query] GET https://firebase-public.firebaseio.com/cli.json [none]
[info] i  Firebase optionally collects CLI and Emulator Suite usage and error reporting information to help improve our products. Data is collected in accordance with Google's privacy policy (https://policies.google.com/privacy) and is not used to identify you.
 
[debug] [2025-04-16T11:03:07.653Z] <<< [apiv2][status] GET https://firebase-public.firebaseio.com/cli.json 200
[debug] [2025-04-16T11:03:07.653Z] <<< [apiv2][body] GET https://firebase-public.firebaseio.com/cli.json {"cloudBuildErrorAfter":1594252800000,"cloudBuildWarnAfter":1590019200000,"defaultNode10After":1594252800000,"minVersion":"3.0.5","node8DeploysDisabledAfter":1613390400000,"node8RuntimeDisabledAfter":1615809600000,"node8WarnAfter":1600128000000}
[warn] ⚠  Unable to fetch the CLI MOTD and remote config. This is not a fatal error, but may indicate an issue with your network connection. 
[debug] [2025-04-16T11:03:07.655Z] Failed to fetch MOTD Error: EACCES: permission denied, mkdir '/Users/tommytobin/.config/configstore'
You don't have access to this file.

[debug] [2025-04-16T11:03:23.901Z] Error: EACCES: permission denied, mkdir '/Users/tommytobin/.config/configstore'
You don't have access to this file.

    at Object.mkdirSync (node:fs:1361:26)
    at module.exports.sync (/Users/tommytobin/.nvm/versions/node/v23.8.0/lib/node_modules/firebase-tools/node_modules/make-dir/index.js:114:6)
    at set all (/Users/tommytobin/.nvm/versions/node/v23.8.0/lib/node_modules/firebase-tools/node_modules/configstore/index.js:59:12)
    at Configstore.set (/Users/tommytobin/.nvm/versions/node/v23.8.0/lib/node_modules/firebase-tools/node_modules/configstore/index.js:91:12)
    at Command.actionFn (/Users/tommytobin/.nvm/versions/node/v23.8.0/lib/node_modules/firebase-tools/lib/commands/login.js:36:35)
    at process.processTicksAndRejections (node:internal/process/task_queues:105:5)
[error] 
[error] Error: An unexpected error has occurred.
[debug] [2025-04-16T11:03:24.169Z] Error: EACCES: permission denied, mkdir '/Users/tommytobin/.config/configstore'
You don't have access to this file.

    at Object.mkdirSync (node:fs:1361:26)
    at module.exports.sync (/Users/tommytobin/.nvm/versions/node/v23.8.0/lib/node_modules/firebase-tools/node_modules/make-dir/index.js:114:6)
    at set all (/Users/tommytobin/.nvm/versions/node/v23.8.0/lib/node_modules/firebase-tools/node_modules/configstore/index.js:59:12)
    at Configstore.set (/Users/tommytobin/.nvm/versions/node/v23.8.0/lib/node_modules/firebase-tools/node_modules/configstore/index.js:91:12)
    at process.<anonymous> (/Users/tommytobin/.nvm/versions/node/v23.8.0/lib/node_modules/firebase-tools/lib/bin/firebase.js:100:35)
    at process.emit (node:events:519:35)
    at process.emit (node:domain:489:12)
    at process.exit (node:internal/process/per_thread:180:15)
    at Timeout._onTimeout (/Users/tommytobin/.nvm/versions/node/v23.8.0/lib/node_modules/firebase-tools/lib/errorOut.js:20:17)
    at listOnTimeout (node:internal/timers:614:17)
[error] 
[error] Error: An unexpected error has occurred.
